c:\users\slyth\documents\visual studio 2017\projects\x-elite client\x-elite client stub\release\input.pch
c:\users\slyth\documents\visual studio 2017\projects\x-elite client\x-elite client stub\release\vc141.pdb
c:\users\slyth\documents\visual studio 2017\projects\x-elite client\x-elite client stub\release\stdafx.obj
c:\users\slyth\documents\visual studio 2017\projects\x-elite client\x-elite client stub\release\x-elite client stub.obj
c:\users\slyth\documents\visual studio 2017\projects\x-elite client\x-elite client stub\release\miscfunc.obj
c:\users\slyth\documents\visual studio 2017\projects\x-elite client\x-elite client stub\release\injection.obj
c:\users\slyth\documents\visual studio 2017\projects\x-elite client\x-elite client stub\release\hwid.obj
c:\users\slyth\documents\visual studio 2017\projects\x-elite client\x-elite client stub\release\base64.obj
c:\users\slyth\documents\visual studio 2017\projects\x-elite client\x-elite client stub\release\aes.obj
c:\users\slyth\documents\visual studio 2017\projects\x-elite client\x-elite client stub\release\aes trans.obj
c:\users\slyth\documents\visual studio 2017\projects\x-elite client\x-elite client stub\release\dllmain.obj
c:\users\slyth\documents\visual studio 2017\projects\x-elite client\x-elite client stub\release\custom.obj
c:\users\slyth\documents\visual studio 2017\projects\x-elite client\release\input.dll
c:\users\slyth\documents\visual studio 2017\projects\x-elite client\release\input.pdb
c:\users\slyth\documents\visual studio 2017\projects\x-elite client\release\input.lib
c:\users\slyth\documents\visual studio 2017\projects\x-elite client\release\input.exp
c:\users\slyth\documents\visual studio 2017\projects\x-elite client\release\input.ipdb
c:\users\slyth\documents\visual studio 2017\projects\x-elite client\release\input.iobj
c:\users\slyth\documents\visual studio 2017\projects\x-elite client\x-elite client stub\release\x-elite .c527191d.tlog\cl.command.1.tlog
c:\users\slyth\documents\visual studio 2017\projects\x-elite client\x-elite client stub\release\x-elite .c527191d.tlog\cl.read.1.tlog
c:\users\slyth\documents\visual studio 2017\projects\x-elite client\x-elite client stub\release\x-elite .c527191d.tlog\cl.write.1.tlog
c:\users\slyth\documents\visual studio 2017\projects\x-elite client\x-elite client stub\release\x-elite .c527191d.tlog\link.command.1.tlog
c:\users\slyth\documents\visual studio 2017\projects\x-elite client\x-elite client stub\release\x-elite .c527191d.tlog\link.read.1.tlog
c:\users\slyth\documents\visual studio 2017\projects\x-elite client\x-elite client stub\release\x-elite .c527191d.tlog\link.write.1.tlog
c:\users\slyth\documents\visual studio 2017\projects\x-elite client\x-elite client stub\release\x-elite .c527191d.tlog\x-elite client stub.write.1u.tlog
